[debug] [2023-12-26T14:52:33.750Z] ----------------------------------------------------------------------
[debug] [2023-12-26T14:52:33.755Z] Command:       C:\Program Files\nodejs\node.exe C:\Users\pc\AppData\Roaming\npm\node_modules\firebase-tools\lib\bin\firebase.js init
[debug] [2023-12-26T14:52:33.756Z] CLI Version:   13.0.2
[debug] [2023-12-26T14:52:33.757Z] Platform:      win32
[debug] [2023-12-26T14:52:33.758Z] Node Version:  v18.17.1
[debug] [2023-12-26T14:52:33.759Z] Time:          Tue Dec 26 2023 20:22:33 GMT+0530 (India Standard Time)
[debug] [2023-12-26T14:52:33.760Z] ----------------------------------------------------------------------
[debug] 
[debug] [2023-12-26T14:52:33.775Z] > command requires scopes: ["email","openid","https://www.googleapis.com/auth/cloudplatformprojects.readonly","https://www.googleapis.com/auth/firebase","https://www.googleapis.com/auth/cloud-platform"]
[debug] [2023-12-26T14:52:33.777Z] > authorizing via signed-in user (sandeepkumar_ec20b17_17@dtu.ac.in)
[info] 
     ######## #### ########  ######## ########     ###     ######  ########
     ##        ##  ##     ## ##       ##     ##  ##   ##  ##       ##
     ######    ##  ########  ######   ########  #########  ######  ######
     ##        ##  ##    ##  ##       ##     ## ##     ##       ## ##
     ##       #### ##     ## ######## ########  ##     ##  ######  ########

You're about to initialize a Firebase project in this directory:

  C:\Users\pc\Desktop\react-expense-tracker

[info] 
=== Project Setup
[info] 
[info] First, let's associate this project directory with a Firebase project.
[info] You can create multiple project aliases by running firebase use --add, 
[info] but for now we'll just set up a default project.
[info] 
[debug] [2023-12-26T14:53:33.904Z] > refreshing access token with scopes: []
[debug] [2023-12-26T14:53:33.908Z] >>> [apiv2][query] POST https://www.googleapis.com/oauth2/v3/token [none]
[debug] [2023-12-26T14:53:33.909Z] >>> [apiv2][body] POST https://www.googleapis.com/oauth2/v3/token [omitted]
[debug] [2023-12-26T14:53:34.527Z] <<< [apiv2][status] POST https://www.googleapis.com/oauth2/v3/token 200
[debug] [2023-12-26T14:53:34.528Z] <<< [apiv2][body] POST https://www.googleapis.com/oauth2/v3/token [omitted]
[debug] [2023-12-26T14:53:34.569Z] >>> [apiv2][query] GET https://firebase.googleapis.com/v1beta1/projects pageSize=100
[debug] [2023-12-26T14:53:35.746Z] <<< [apiv2][status] GET https://firebase.googleapis.com/v1beta1/projects 200
[debug] [2023-12-26T14:53:35.746Z] <<< [apiv2][body] GET https://firebase.googleapis.com/v1beta1/projects [omitted]
[info] i  Using project expense-tracker-37c14 (expense-tracker) 
[info] 
=== Hosting Setup
[debug] [2023-12-26T14:54:43.845Z] >>> [apiv2][query] GET https://firebase.googleapis.com/v1beta1/projects/expense-tracker-37c14 [none]
[debug] [2023-12-26T14:54:44.576Z] <<< [apiv2][status] GET https://firebase.googleapis.com/v1beta1/projects/expense-tracker-37c14 200
[debug] [2023-12-26T14:54:44.576Z] <<< [apiv2][body] GET https://firebase.googleapis.com/v1beta1/projects/expense-tracker-37c14 {"projectId":"expense-tracker-37c14","projectNumber":"29672304872","displayName":"expense-tracker","name":"projects/expense-tracker-37c14","resources":{"hostingSite":"expense-tracker-37c14"},"state":"ACTIVE","etag":"1_2dbda3bc-2733-41fb-9d75-3b25e66f4132"}
[info] 
[info] Your public directory is the folder (relative to your project directory) that
[info] will contain Hosting assets to be uploaded with firebase deploy. If you
[info] have a build process for your assets, use your build's output directory.
[info] 
[info] +  Wrote build/404.html 
[debug] [2023-12-26T15:00:40.630Z] >>> [apiv2][query] GET https://www.gstatic.com/firebasejs/releases.json [none]
[debug] [2023-12-26T15:00:40.848Z] <<< [apiv2][status] GET https://www.gstatic.com/firebasejs/releases.json 200
[debug] [2023-12-26T15:00:40.849Z] <<< [apiv2][body] GET https://www.gstatic.com/firebasejs/releases.json {"current":{"version":"10.7.1","browserURL":"https://www.gstatic.com/firebasejs/10.7.1/firebase.js","packageURL":"https://www.gstatic.com/firebasejs/10.7.1/firebase.tgz"},"live":{"version":"10.7","browserURL":"https://www.gstatic.com/firebasejs/live/10.7/firebase.js","packageURL":"https://www.gstatic.com/firebasejs/live/10.7/firebase.tgz"},"components":{"analytics":"https://www.gstatic.com/firebasejs/10.7.1/firebase-analytics.js","app":"https://www.gstatic.com/firebasejs/10.7.1/firebase-app.js","app-check":"https://www.gstatic.com/firebasejs/10.7.1/firebase-app-check.js","auth":"https://www.gstatic.com/firebasejs/10.7.1/firebase-auth.js","auth/cordova":"https://www.gstatic.com/firebasejs/10.7.1/firebase-auth/cordova.js","functions":"https://www.gstatic.com/firebasejs/10.7.1/firebase-functions.js","firestore":"https://www.gstatic.com/firebasejs/10.7.1/firebase-firestore.js","firestore/lite":"https://www.gstatic.com/firebasejs/10.7.1/firebase-firestore/lite.js","installations":"https://www.gstatic.com/firebasejs/10.7.1/firebase-installations.js","storage":"https://www.gstatic.com/firebasejs/10.7.1/firebase-storage.js","performance":"https://www.gstatic.com/firebasejs/10.7.1/firebase-performance.js","remote-config":"https://www.gstatic.com/firebasejs/10.7.1/firebase-remote-config.js","messaging":"https://www.gstatic.com/firebasejs/10.7.1/firebase-messaging.js","messaging/sw":"https://www.gstatic.com/firebasejs/10.7.1/firebase-messaging/sw.js","database":"https://www.gstatic.com/firebasejs/10.7.1/firebase-database.js","firestore.memory":"https://www.gstatic.com/firebasejs/10.7.1/firebase-firestore.memory.js"}}
[info] i  Skipping write of build/index.html 
[info] 
[info] i  Detected a .git folder at C:\Users\pc\Desktop\react-expense-tracker 
[info] i  Authorizing with GitHub to upload your service account to a GitHub repository's secrets store. 
[info] 
[info] Visit this URL on this device to log in:
[info] https://github.com/login/oauth/authorize?client_id=89cf50f02ac6aaed3484&state=139505080&redirect_uri=http%3A%2F%2Flocalhost%3A9005&scope=read%3Auser%20repo%20public_repo
[info] 
[info] Waiting for authentication...
[debug] [2023-12-26T15:01:24.977Z] >>> [apiv2][query] POST https://github.com/login/oauth/access_token [none]
[debug] [2023-12-26T15:01:24.978Z] >>> [apiv2][body] POST https://github.com/login/oauth/access_token [stream]
[debug] [2023-12-26T15:01:28.530Z] <<< [apiv2][status] POST https://github.com/login/oauth/access_token 200
[debug] [2023-12-26T15:01:28.531Z] <<< [apiv2][body] POST https://github.com/login/oauth/access_token {"access_token":"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","token_type":"bearer","scope":"read:user,repo"}
[debug] [2023-12-26T15:01:28.569Z] >>> [apiv2][query] GET https://api.github.com/user [none]
[debug] [2023-12-26T15:01:33.639Z] <<< [apiv2][status] GET https://api.github.com/user 200
[debug] [2023-12-26T15:01:33.640Z] <<< [apiv2][body] GET https://api.github.com/user {"login":"sandeep192001","id":107060962,"node_id":"U_kgDOBmGe4g","avatar_url":"https://avatars.githubusercontent.com/u/107060962?v=4","gravatar_id":"","url":"https://api.github.com/users/sandeep192001","html_url":"https://github.com/sandeep192001","followers_url":"https://api.github.com/users/sandeep192001/followers","following_url":"https://api.github.com/users/sandeep192001/following{/other_user}","gists_url":"https://api.github.com/users/sandeep192001/gists{/gist_id}","starred_url":"https://api.github.com/users/sandeep192001/starred{/owner}{/repo}","subscriptions_url":"https://api.github.com/users/sandeep192001/subscriptions","organizations_url":"https://api.github.com/users/sandeep192001/orgs","repos_url":"https://api.github.com/users/sandeep192001/repos","events_url":"https://api.github.com/users/sandeep192001/events{/privacy}","received_events_url":"https://api.github.com/users/sandeep192001/received_events","type":"User","site_admin":false,"name":null,"company":null,"blog":"","location":null,"email":null,"hireable":null,"bio":null,"twitter_username":null,"public_repos":4,"public_gists":0,"followers":0,"following":0,"created_at":"2022-06-07T15:26:57Z","updated_at":"2023-12-26T15:01:19Z","private_gists":0,"total_private_repos":0,"owned_private_repos":0,"disk_usage":4260,"collaborators":0,"two_factor_authentication":false,"plan":{"name":"free","space":976562499,"collaborators":0,"private_repos":10000}}
[info] 
[info] +  Success! Logged into GitHub as sandeep192001 
[info] 
